<html>
<head>
<title>TestNG:  Command line test</title>
<link href="../testng.css" rel="stylesheet" type="text/css" />
<link href="../my-testng.css" rel="stylesheet" type="text/css" />

<style type="text/css">
.log { display: none;} 
.stack-trace { display: none;} 
</style>
<script type="text/javascript">
<!--
function flip(e) {
  current = e.style.display;
  if (current == 'block') {
    e.style.display = 'none';
    return 0;
  }
  else {
    e.style.display = 'block';
    return 1;
  }
}

function toggleBox(szDivId, elem, msg1, msg2)
{
  var res = -1;  if (document.getElementById) {
    res = flip(document.getElementById(szDivId));
  }
  else if (document.all) {
    // this is the way old msie versions work
    res = flip(document.all[szDivId]);
  }
  if(elem) {
    if(res == 0) elem.innerHTML = msg1; else elem.innerHTML = msg2;
  }

}

function toggleAllBoxes() {
  if (document.getElementsByTagName) {
    d = document.getElementsByTagName('div');
    for (i = 0; i < d.length; i++) {
      if (d[i].className == 'log') {
        flip(d[i]);
      }
    }
  }
}

// -->
</script>

</head>
<body>
<h2 align='center'>Command line test</h2><table border='1' align="center">
<tr>
<td>Tests passed/Failed/Skipped:</td><td>32/0/0</td>
</tr><tr>
<td>Started on:</td><td>Thu Jan 25 08:05:05 CET 2018</td>
</tr>
<tr><td>Total time:</td><td>0 seconds (292 ms)</td>
</tr><tr>
<td>Included groups:</td><td></td>
</tr><tr>
<td>Excluded groups:</td><td></td>
</tr>
</table><p/>
<small><i>(Hover the method name to see the test class name)</i></small><p/>
<table width='100%' border='1' class='invocation-passed'>
<tr><td colspan='4' align='center'><b>PASSED TESTS</b></td></tr>
<tr><td><b>Test method</b></td>
<td width="30%"><b>Exception</b></td>
<td width="10%"><b>Time (seconds)</b></td>
<td><b>Instance</b></td>
</tr>
<tr>
<td title='br.com.softplan.security.zap.api.authentication.AuthenticationInfoValidatorTest.infoMustNotBeNull()'><b>infoMustNotBeNull</b><br>Test class: br.com.softplan.security.zap.api.authentication.AuthenticationInfoValidatorTest</td>
<td><div><pre>br.com.softplan.security.zap.api.exception.AuthenticationInfoValidationException: AuthenticationInfo cannot be null.
	at br.com.softplan.security.zap.api.authentication.AuthenticationInfoValidator.validate(AuthenticationInfoValidator.java:28)
	at br.com.softplan.security.zap.api.authentication.AuthenticationInfoValidatorTest.infoMustNotBeNull(AuthenticationInfoValidatorTest.java:39)
... Removed 34 stack frames</pre></div><a href='#' onClick='toggleBox("stack-trace339099861", this, "Click to show all stack frames", "Click to hide stack frames")'>Click to show all stack frames</a>
<div class='stack-trace' id='stack-trace339099861'><pre>br.com.softplan.security.zap.api.exception.AuthenticationInfoValidationException: AuthenticationInfo cannot be null.
	at br.com.softplan.security.zap.api.authentication.AuthenticationInfoValidator.validate(AuthenticationInfoValidator.java:28)
	at br.com.softplan.security.zap.api.authentication.AuthenticationInfoValidatorTest.infoMustNotBeNull(AuthenticationInfoValidatorTest.java:39)
	at sun.reflect.NativeMethodAccessorImpl.invoke0(Native Method)
	at sun.reflect.NativeMethodAccessorImpl.invoke(NativeMethodAccessorImpl.java:62)
	at sun.reflect.DelegatingMethodAccessorImpl.invoke(DelegatingMethodAccessorImpl.java:43)
	at java.lang.reflect.Method.invoke(Method.java:498)
	at org.testng.internal.MethodInvocationHelper.invokeMethod(MethodInvocationHelper.java:86)
	at org.testng.internal.Invoker.invokeMethod(Invoker.java:643)
	at org.testng.internal.Invoker.invokeTestMethod(Invoker.java:820)
	at org.testng.internal.Invoker.invokeTestMethods(Invoker.java:1128)
	at org.testng.internal.TestMethodWorker.invokeTestMethods(TestMethodWorker.java:129)
	at org.testng.internal.TestMethodWorker.run(TestMethodWorker.java:112)
	at org.testng.TestRunner.privateRun(TestRunner.java:782)
	at org.testng.TestRunner.run(TestRunner.java:632)
	at org.testng.SuiteRunner.runTest(SuiteRunner.java:366)
	at org.testng.SuiteRunner.runSequentially(SuiteRunner.java:361)
	at org.testng.SuiteRunner.privateRun(SuiteRunner.java:319)
	at org.testng.SuiteRunner.run(SuiteRunner.java:268)
	at org.testng.SuiteRunnerWorker.runSuite(SuiteRunnerWorker.java:52)
	at org.testng.SuiteRunnerWorker.run(SuiteRunnerWorker.java:86)
	at org.testng.TestNG.runSuitesSequentially(TestNG.java:1244)
	at org.testng.TestNG.runSuitesLocally(TestNG.java:1169)
	at org.testng.TestNG.run(TestNG.java:1064)
	at org.apache.maven.surefire.testng.TestNGExecutor.run(TestNGExecutor.java:77)
	at org.apache.maven.surefire.testng.TestNGDirectoryTestSuite.executeMulti(TestNGDirectoryTestSuite.java:159)
	at org.apache.maven.surefire.testng.TestNGDirectoryTestSuite.execute(TestNGDirectoryTestSuite.java:99)
	at org.apache.maven.surefire.testng.TestNGProvider.invoke(TestNGProvider.java:106)
	at sun.reflect.NativeMethodAccessorImpl.invoke0(Native Method)
	at sun.reflect.NativeMethodAccessorImpl.invoke(NativeMethodAccessorImpl.java:62)
	at sun.reflect.DelegatingMethodAccessorImpl.invoke(DelegatingMethodAccessorImpl.java:43)
	at java.lang.reflect.Method.invoke(Method.java:498)
	at org.apache.maven.surefire.util.ReflectionUtils.invokeMethodWithArray(ReflectionUtils.java:189)
	at org.apache.maven.surefire.booter.ProviderFactory$ProviderProxy.invoke(ProviderFactory.java:165)
	at org.apache.maven.surefire.booter.ProviderFactory.invokeProvider(ProviderFactory.java:85)
	at org.apache.maven.surefire.booter.ForkedBooter.runSuitesInProcess(ForkedBooter.java:115)
	at org.apache.maven.surefire.booter.ForkedBooter.main(ForkedBooter.java:75)
</pre></div></td>
<td>0</td>
<td>br.com.softplan.security.zap.api.authentication.AuthenticationInfoValidatorTest@97e1986</td></tr>
<tr>
<td title='br.com.softplan.security.zap.api.authentication.AuthenticationInfoValidatorTest.loginUrlMustNotBeNull()'><b>loginUrlMustNotBeNull</b><br>Test class: br.com.softplan.security.zap.api.authentication.AuthenticationInfoValidatorTest</td>
<td><div><pre>br.com.softplan.security.zap.api.exception.AuthenticationInfoValidationException: The parameter &apos;password&apos; is required when working with authentication.
	at br.com.softplan.security.zap.api.authentication.AuthenticationInfoValidator.checkRequiredParameter(AuthenticationInfoValidator.java:67)
	at br.com.softplan.security.zap.api.authentication.AuthenticationInfoValidator.validate(AuthenticationInfoValidator.java:33)
	at br.com.softplan.security.zap.api.model.AuthenticationInfo$Builder.build(AuthenticationInfo.java:475)
	at br.com.softplan.security.zap.api.authentication.AuthenticationInfoValidatorTest.loginUrlMustNotBeNull(AuthenticationInfoValidatorTest.java:68)
... Removed 34 stack frames</pre></div><a href='#' onClick='toggleBox("stack-trace1131040331", this, "Click to show all stack frames", "Click to hide stack frames")'>Click to show all stack frames</a>
<div class='stack-trace' id='stack-trace1131040331'><pre>br.com.softplan.security.zap.api.exception.AuthenticationInfoValidationException: The parameter &apos;password&apos; is required when working with authentication.
	at br.com.softplan.security.zap.api.authentication.AuthenticationInfoValidator.checkRequiredParameter(AuthenticationInfoValidator.java:67)
	at br.com.softplan.security.zap.api.authentication.AuthenticationInfoValidator.validate(AuthenticationInfoValidator.java:33)
	at br.com.softplan.security.zap.api.model.AuthenticationInfo$Builder.build(AuthenticationInfo.java:475)
	at br.com.softplan.security.zap.api.authentication.AuthenticationInfoValidatorTest.loginUrlMustNotBeNull(AuthenticationInfoValidatorTest.java:68)
	at sun.reflect.NativeMethodAccessorImpl.invoke0(Native Method)
	at sun.reflect.NativeMethodAccessorImpl.invoke(NativeMethodAccessorImpl.java:62)
	at sun.reflect.DelegatingMethodAccessorImpl.invoke(DelegatingMethodAccessorImpl.java:43)
	at java.lang.reflect.Method.invoke(Method.java:498)
	at org.testng.internal.MethodInvocationHelper.invokeMethod(MethodInvocationHelper.java:86)
	at org.testng.internal.Invoker.invokeMethod(Invoker.java:643)
	at org.testng.internal.Invoker.invokeTestMethod(Invoker.java:820)
	at org.testng.internal.Invoker.invokeTestMethods(Invoker.java:1128)
	at org.testng.internal.TestMethodWorker.invokeTestMethods(TestMethodWorker.java:129)
	at org.testng.internal.TestMethodWorker.run(TestMethodWorker.java:112)
	at org.testng.TestRunner.privateRun(TestRunner.java:782)
	at org.testng.TestRunner.run(TestRunner.java:632)
	at org.testng.SuiteRunner.runTest(SuiteRunner.java:366)
	at org.testng.SuiteRunner.runSequentially(SuiteRunner.java:361)
	at org.testng.SuiteRunner.privateRun(SuiteRunner.java:319)
	at org.testng.SuiteRunner.run(SuiteRunner.java:268)
	at org.testng.SuiteRunnerWorker.runSuite(SuiteRunnerWorker.java:52)
	at org.testng.SuiteRunnerWorker.run(SuiteRunnerWorker.java:86)
	at org.testng.TestNG.runSuitesSequentially(TestNG.java:1244)
	at org.testng.TestNG.runSuitesLocally(TestNG.java:1169)
	at org.testng.TestNG.run(TestNG.java:1064)
	at org.apache.maven.surefire.testng.TestNGExecutor.run(TestNGExecutor.java:77)
	at org.apache.maven.surefire.testng.TestNGDirectoryTestSuite.executeMulti(TestNGDirectoryTestSuite.java:159)
	at org.apache.maven.surefire.testng.TestNGDirectoryTestSuite.execute(TestNGDirectoryTestSuite.java:99)
	at org.apache.maven.surefire.testng.TestNGProvider.invoke(TestNGProvider.java:106)
	at sun.reflect.NativeMethodAccessorImpl.invoke0(Native Method)
	at sun.reflect.NativeMethodAccessorImpl.invoke(NativeMethodAccessorImpl.java:62)
	at sun.reflect.DelegatingMethodAccessorImpl.invoke(DelegatingMethodAccessorImpl.java:43)
	at java.lang.reflect.Method.invoke(Method.java:498)
	at org.apache.maven.surefire.util.ReflectionUtils.invokeMethodWithArray(ReflectionUtils.java:189)
	at org.apache.maven.surefire.booter.ProviderFactory$ProviderProxy.invoke(ProviderFactory.java:165)
	at org.apache.maven.surefire.booter.ProviderFactory.invokeProvider(ProviderFactory.java:85)
	at org.apache.maven.surefire.booter.ForkedBooter.runSuitesInProcess(ForkedBooter.java:115)
	at org.apache.maven.surefire.booter.ForkedBooter.main(ForkedBooter.java:75)
</pre></div></td>
<td>0</td>
<td>br.com.softplan.security.zap.api.authentication.AuthenticationInfoValidatorTest@97e1986</td></tr>
<tr>
<td title='br.com.softplan.security.zap.api.authentication.AuthenticationInfoValidatorTest.passwordMustNotBeNull()'><b>passwordMustNotBeNull</b><br>Test class: br.com.softplan.security.zap.api.authentication.AuthenticationInfoValidatorTest</td>
<td><div><pre>br.com.softplan.security.zap.api.exception.AuthenticationInfoValidationException: The parameter &apos;password&apos; is required when working with authentication.
	at br.com.softplan.security.zap.api.authentication.AuthenticationInfoValidator.checkRequiredParameter(AuthenticationInfoValidator.java:67)
	at br.com.softplan.security.zap.api.authentication.AuthenticationInfoValidator.validate(AuthenticationInfoValidator.java:33)
	at br.com.softplan.security.zap.api.model.AuthenticationInfo$Builder.build(AuthenticationInfo.java:475)
	at br.com.softplan.security.zap.api.authentication.AuthenticationInfoValidatorTest.passwordMustNotBeNull(AuthenticationInfoValidatorTest.java:58)
... Removed 34 stack frames</pre></div><a href='#' onClick='toggleBox("stack-trace715521683", this, "Click to show all stack frames", "Click to hide stack frames")'>Click to show all stack frames</a>
<div class='stack-trace' id='stack-trace715521683'><pre>br.com.softplan.security.zap.api.exception.AuthenticationInfoValidationException: The parameter &apos;password&apos; is required when working with authentication.
	at br.com.softplan.security.zap.api.authentication.AuthenticationInfoValidator.checkRequiredParameter(AuthenticationInfoValidator.java:67)
	at br.com.softplan.security.zap.api.authentication.AuthenticationInfoValidator.validate(AuthenticationInfoValidator.java:33)
	at br.com.softplan.security.zap.api.model.AuthenticationInfo$Builder.build(AuthenticationInfo.java:475)
	at br.com.softplan.security.zap.api.authentication.AuthenticationInfoValidatorTest.passwordMustNotBeNull(AuthenticationInfoValidatorTest.java:58)
	at sun.reflect.NativeMethodAccessorImpl.invoke0(Native Method)
	at sun.reflect.NativeMethodAccessorImpl.invoke(NativeMethodAccessorImpl.java:62)
	at sun.reflect.DelegatingMethodAccessorImpl.invoke(DelegatingMethodAccessorImpl.java:43)
	at java.lang.reflect.Method.invoke(Method.java:498)
	at org.testng.internal.MethodInvocationHelper.invokeMethod(MethodInvocationHelper.java:86)
	at org.testng.internal.Invoker.invokeMethod(Invoker.java:643)
	at org.testng.internal.Invoker.invokeTestMethod(Invoker.java:820)
	at org.testng.internal.Invoker.invokeTestMethods(Invoker.java:1128)
	at org.testng.internal.TestMethodWorker.invokeTestMethods(TestMethodWorker.java:129)
	at org.testng.internal.TestMethodWorker.run(TestMethodWorker.java:112)
	at org.testng.TestRunner.privateRun(TestRunner.java:782)
	at org.testng.TestRunner.run(TestRunner.java:632)
	at org.testng.SuiteRunner.runTest(SuiteRunner.java:366)
	at org.testng.SuiteRunner.runSequentially(SuiteRunner.java:361)
	at org.testng.SuiteRunner.privateRun(SuiteRunner.java:319)
	at org.testng.SuiteRunner.run(SuiteRunner.java:268)
	at org.testng.SuiteRunnerWorker.runSuite(SuiteRunnerWorker.java:52)
	at org.testng.SuiteRunnerWorker.run(SuiteRunnerWorker.java:86)
	at org.testng.TestNG.runSuitesSequentially(TestNG.java:1244)
	at org.testng.TestNG.runSuitesLocally(TestNG.java:1169)
	at org.testng.TestNG.run(TestNG.java:1064)
	at org.apache.maven.surefire.testng.TestNGExecutor.run(TestNGExecutor.java:77)
	at org.apache.maven.surefire.testng.TestNGDirectoryTestSuite.executeMulti(TestNGDirectoryTestSuite.java:159)
	at org.apache.maven.surefire.testng.TestNGDirectoryTestSuite.execute(TestNGDirectoryTestSuite.java:99)
	at org.apache.maven.surefire.testng.TestNGProvider.invoke(TestNGProvider.java:106)
	at sun.reflect.NativeMethodAccessorImpl.invoke0(Native Method)
	at sun.reflect.NativeMethodAccessorImpl.invoke(NativeMethodAccessorImpl.java:62)
	at sun.reflect.DelegatingMethodAccessorImpl.invoke(DelegatingMethodAccessorImpl.java:43)
	at java.lang.reflect.Method.invoke(Method.java:498)
	at org.apache.maven.surefire.util.ReflectionUtils.invokeMethodWithArray(ReflectionUtils.java:189)
	at org.apache.maven.surefire.booter.ProviderFactory$ProviderProxy.invoke(ProviderFactory.java:165)
	at org.apache.maven.surefire.booter.ProviderFactory.invokeProvider(ProviderFactory.java:85)
	at org.apache.maven.surefire.booter.ForkedBooter.runSuitesInProcess(ForkedBooter.java:115)
	at org.apache.maven.surefire.booter.ForkedBooter.main(ForkedBooter.java:75)
</pre></div></td>
<td>0</td>
<td>br.com.softplan.security.zap.api.authentication.AuthenticationInfoValidatorTest@97e1986</td></tr>
<tr>
<td title='br.com.softplan.security.zap.api.authentication.AuthenticationInfoValidatorTest.protectedPagesMustNotBeVoidInCasAuthentication()'><b>protectedPagesMustNotBeVoidInCasAuthentication</b><br>Test class: br.com.softplan.security.zap.api.authentication.AuthenticationInfoValidatorTest</td>
<td><div><pre>br.com.softplan.security.zap.api.exception.AuthenticationInfoValidationException: The &apos;protectedPages&apos; parameter is required for CAS authentication. A protected page of each context must be accessed prior to scanning to avoid later redirections.
	at br.com.softplan.security.zap.api.authentication.AuthenticationInfoValidator.validateCasAuthenticationInfo(AuthenticationInfoValidator.java:97)
	at br.com.softplan.security.zap.api.authentication.AuthenticationInfoValidator.validate(AuthenticationInfoValidator.java:47)
	at br.com.softplan.security.zap.api.model.AuthenticationInfo$Builder.build(AuthenticationInfo.java:475)
	at br.com.softplan.security.zap.api.model.AuthenticationInfo$Builder.buildCasAuthenticationInfo(AuthenticationInfo.java:198)
	at br.com.softplan.security.zap.api.authentication.AuthenticationInfoValidatorTest.protectedPagesMustNotBeVoidInCasAuthentication(AuthenticationInfoValidatorTest.java:119)
... Removed 34 stack frames</pre></div><a href='#' onClick='toggleBox("stack-trace63001505", this, "Click to show all stack frames", "Click to hide stack frames")'>Click to show all stack frames</a>
<div class='stack-trace' id='stack-trace63001505'><pre>br.com.softplan.security.zap.api.exception.AuthenticationInfoValidationException: The &apos;protectedPages&apos; parameter is required for CAS authentication. A protected page of each context must be accessed prior to scanning to avoid later redirections.
	at br.com.softplan.security.zap.api.authentication.AuthenticationInfoValidator.validateCasAuthenticationInfo(AuthenticationInfoValidator.java:97)
	at br.com.softplan.security.zap.api.authentication.AuthenticationInfoValidator.validate(AuthenticationInfoValidator.java:47)
	at br.com.softplan.security.zap.api.model.AuthenticationInfo$Builder.build(AuthenticationInfo.java:475)
	at br.com.softplan.security.zap.api.model.AuthenticationInfo$Builder.buildCasAuthenticationInfo(AuthenticationInfo.java:198)
	at br.com.softplan.security.zap.api.authentication.AuthenticationInfoValidatorTest.protectedPagesMustNotBeVoidInCasAuthentication(AuthenticationInfoValidatorTest.java:119)
	at sun.reflect.NativeMethodAccessorImpl.invoke0(Native Method)
	at sun.reflect.NativeMethodAccessorImpl.invoke(NativeMethodAccessorImpl.java:62)
	at sun.reflect.DelegatingMethodAccessorImpl.invoke(DelegatingMethodAccessorImpl.java:43)
	at java.lang.reflect.Method.invoke(Method.java:498)
	at org.testng.internal.MethodInvocationHelper.invokeMethod(MethodInvocationHelper.java:86)
	at org.testng.internal.Invoker.invokeMethod(Invoker.java:643)
	at org.testng.internal.Invoker.invokeTestMethod(Invoker.java:820)
	at org.testng.internal.Invoker.invokeTestMethods(Invoker.java:1128)
	at org.testng.internal.TestMethodWorker.invokeTestMethods(TestMethodWorker.java:129)
	at org.testng.internal.TestMethodWorker.run(TestMethodWorker.java:112)
	at org.testng.TestRunner.privateRun(TestRunner.java:782)
	at org.testng.TestRunner.run(TestRunner.java:632)
	at org.testng.SuiteRunner.runTest(SuiteRunner.java:366)
	at org.testng.SuiteRunner.runSequentially(SuiteRunner.java:361)
	at org.testng.SuiteRunner.privateRun(SuiteRunner.java:319)
	at org.testng.SuiteRunner.run(SuiteRunner.java:268)
	at org.testng.SuiteRunnerWorker.runSuite(SuiteRunnerWorker.java:52)
	at org.testng.SuiteRunnerWorker.run(SuiteRunnerWorker.java:86)
	at org.testng.TestNG.runSuitesSequentially(TestNG.java:1244)
	at org.testng.TestNG.runSuitesLocally(TestNG.java:1169)
	at org.testng.TestNG.run(TestNG.java:1064)
	at org.apache.maven.surefire.testng.TestNGExecutor.run(TestNGExecutor.java:77)
	at org.apache.maven.surefire.testng.TestNGDirectoryTestSuite.executeMulti(TestNGDirectoryTestSuite.java:159)
	at org.apache.maven.surefire.testng.TestNGDirectoryTestSuite.execute(TestNGDirectoryTestSuite.java:99)
	at org.apache.maven.surefire.testng.TestNGProvider.invoke(TestNGProvider.java:106)
	at sun.reflect.NativeMethodAccessorImpl.invoke0(Native Method)
	at sun.reflect.NativeMethodAccessorImpl.invoke(NativeMethodAccessorImpl.java:62)
	at sun.reflect.DelegatingMethodAccessorImpl.invoke(DelegatingMethodAccessorImpl.java:43)
	at java.lang.reflect.Method.invoke(Method.java:498)
	at org.apache.maven.surefire.util.ReflectionUtils.invokeMethodWithArray(ReflectionUtils.java:189)
	at org.apache.maven.surefire.booter.ProviderFactory$ProviderProxy.invoke(ProviderFactory.java:165)
	at org.apache.maven.surefire.booter.ProviderFactory.invokeProvider(ProviderFactory.java:85)
	at org.apache.maven.surefire.booter.ForkedBooter.runSuitesInProcess(ForkedBooter.java:115)
	at org.apache.maven.surefire.booter.ForkedBooter.main(ForkedBooter.java:75)
</pre></div></td>
<td>0</td>
<td>br.com.softplan.security.zap.api.authentication.AuthenticationInfoValidatorTest@97e1986</td></tr>
<tr>
<td title='br.com.softplan.security.zap.api.report.ZapReportUtilTest.saveHtmlReportInDefaultLocationTest()'><b>saveHtmlReportInDefaultLocationTest</b><br>Test class: br.com.softplan.security.zap.api.report.ZapReportUtilTest</td>
<td></td>
<td>0</td>
<td>br.com.softplan.security.zap.api.report.ZapReportUtilTest@2cb4c3ab</td></tr>
<tr>
<td title='br.com.softplan.security.zap.api.report.ZapReportUtilTest.saveHtmlReportTest()'><b>saveHtmlReportTest</b><br>Test class: br.com.softplan.security.zap.api.report.ZapReportUtilTest</td>
<td></td>
<td>0</td>
<td>br.com.softplan.security.zap.api.report.ZapReportUtilTest@2cb4c3ab</td></tr>
<tr>
<td title='br.com.softplan.security.zap.api.report.ZapReportUtilTest.saveHtmlSpiderResultsInDefaultLocationTest()'><b>saveHtmlSpiderResultsInDefaultLocationTest</b><br>Test class: br.com.softplan.security.zap.api.report.ZapReportUtilTest</td>
<td></td>
<td>0</td>
<td>br.com.softplan.security.zap.api.report.ZapReportUtilTest@2cb4c3ab</td></tr>
<tr>
<td title='br.com.softplan.security.zap.api.report.ZapReportUtilTest.saveHtmlSpiderResultsTest()'><b>saveHtmlSpiderResultsTest</b><br>Test class: br.com.softplan.security.zap.api.report.ZapReportUtilTest</td>
<td></td>
<td>0</td>
<td>br.com.softplan.security.zap.api.report.ZapReportUtilTest@2cb4c3ab</td></tr>
<tr>
<td title='br.com.softplan.security.zap.api.report.ZapReportUtilTest.saveXmlReportInDefaultLocationTest()'><b>saveXmlReportInDefaultLocationTest</b><br>Test class: br.com.softplan.security.zap.api.report.ZapReportUtilTest</td>
<td></td>
<td>0</td>
<td>br.com.softplan.security.zap.api.report.ZapReportUtilTest@2cb4c3ab</td></tr>
<tr>
<td title='br.com.softplan.security.zap.api.report.ZapReportUtilTest.saveXmlReportTest()'><b>saveXmlReportTest</b><br>Test class: br.com.softplan.security.zap.api.report.ZapReportUtilTest</td>
<td></td>
<td>0</td>
<td>br.com.softplan.security.zap.api.report.ZapReportUtilTest@2cb4c3ab</td></tr>
<tr>
<td title='br.com.softplan.security.zap.api.report.ZapReportUtilTest.saveXmlSpiderResultsInDefaultLocationTest()'><b>saveXmlSpiderResultsInDefaultLocationTest</b><br>Test class: br.com.softplan.security.zap.api.report.ZapReportUtilTest</td>
<td></td>
<td>0</td>
<td>br.com.softplan.security.zap.api.report.ZapReportUtilTest@2cb4c3ab</td></tr>
<tr>
<td title='br.com.softplan.security.zap.api.report.ZapReportUtilTest.saveXmlSpiderResultsTest()'><b>saveXmlSpiderResultsTest</b><br>Test class: br.com.softplan.security.zap.api.report.ZapReportUtilTest</td>
<td></td>
<td>0</td>
<td>br.com.softplan.security.zap.api.report.ZapReportUtilTest@2cb4c3ab</td></tr>
<tr>
<td title='br.com.softplan.security.zap.api.report.ZapReportTest.testByteAndStringReportsEquality()'><b>testByteAndStringReportsEquality</b><br>Test class: br.com.softplan.security.zap.api.report.ZapReportTest</td>
<td></td>
<td>0</td>
<td>br.com.softplan.security.zap.api.report.ZapReportTest@50f8360d</td></tr>
<tr>
<td title='br.com.softplan.security.zap.api.authentication.AuthenticationHandlerFactoryTest.testCasHandlerCreation()'><b>testCasHandlerCreation</b><br>Test class: br.com.softplan.security.zap.api.authentication.AuthenticationHandlerFactoryTest</td>
<td></td>
<td>0</td>
<td>br.com.softplan.security.zap.api.authentication.AuthenticationHandlerFactoryTest@26f67b76</td></tr>
<tr>
<td title='br.com.softplan.security.zap.api.authentication.AuthenticationHandlerFactoryTest.testFormHandlerCreation()'><b>testFormHandlerCreation</b><br>Test class: br.com.softplan.security.zap.api.authentication.AuthenticationHandlerFactoryTest</td>
<td></td>
<td>0</td>
<td>br.com.softplan.security.zap.api.authentication.AuthenticationHandlerFactoryTest@26f67b76</td></tr>
<tr>
<td title='br.com.softplan.security.zap.api.exception.AuthenticationInfoValidationExceptionTest.testMessageAndThrowableConstructor()'><b>testMessageAndThrowableConstructor</b><br>Test class: br.com.softplan.security.zap.api.exception.AuthenticationInfoValidationExceptionTest</td>
<td></td>
<td>0</td>
<td>br.com.softplan.security.zap.api.exception.AuthenticationInfoValidationExceptionTest@3dd3bcd</td></tr>
<tr>
<td title='br.com.softplan.security.zap.api.exception.ZapAnalysisTimeoutExceptionTest.testMessageAndThrowableConstructor()'><b>testMessageAndThrowableConstructor</b><br>Test class: br.com.softplan.security.zap.api.exception.ZapAnalysisTimeoutExceptionTest</td>
<td></td>
<td>0</td>
<td>br.com.softplan.security.zap.api.exception.ZapAnalysisTimeoutExceptionTest@13c78c0b</td></tr>
<tr>
<td title='br.com.softplan.security.zap.api.exception.ZapClientExceptionTest.testMessageAndThrowableConstructor()'><b>testMessageAndThrowableConstructor</b><br>Test class: br.com.softplan.security.zap.api.exception.ZapClientExceptionTest</td>
<td></td>
<td>0</td>
<td>br.com.softplan.security.zap.api.exception.ZapClientExceptionTest@12843fce</td></tr>
<tr>
<td title='br.com.softplan.security.zap.api.exception.AuthenticationInfoValidationExceptionTest.testMessageConstructor()'><b>testMessageConstructor</b><br>Test class: br.com.softplan.security.zap.api.exception.AuthenticationInfoValidationExceptionTest</td>
<td></td>
<td>0</td>
<td>br.com.softplan.security.zap.api.exception.AuthenticationInfoValidationExceptionTest@3dd3bcd</td></tr>
<tr>
<td title='br.com.softplan.security.zap.api.exception.ZapAnalysisTimeoutExceptionTest.testMessageConstructor()'><b>testMessageConstructor</b><br>Test class: br.com.softplan.security.zap.api.exception.ZapAnalysisTimeoutExceptionTest</td>
<td></td>
<td>0</td>
<td>br.com.softplan.security.zap.api.exception.ZapAnalysisTimeoutExceptionTest@13c78c0b</td></tr>
<tr>
<td title='br.com.softplan.security.zap.api.exception.ZapClientExceptionTest.testMessageConstructor()'><b>testMessageConstructor</b><br>Test class: br.com.softplan.security.zap.api.exception.ZapClientExceptionTest</td>
<td></td>
<td>0</td>
<td>br.com.softplan.security.zap.api.exception.ZapClientExceptionTest@12843fce</td></tr>
<tr>
<td title='br.com.softplan.security.zap.api.report.ZapReportTest.testReportContents()'><b>testReportContents</b><br>Test class: br.com.softplan.security.zap.api.report.ZapReportTest</td>
<td></td>
<td>0</td>
<td>br.com.softplan.security.zap.api.report.ZapReportTest@50f8360d</td></tr>
<tr>
<td title='br.com.softplan.security.zap.api.authentication.AuthenticationInfoValidatorTest.testSimpleCasAuthenticationInfo()'><b>testSimpleCasAuthenticationInfo</b><br>Test class: br.com.softplan.security.zap.api.authentication.AuthenticationInfoValidatorTest</td>
<td></td>
<td>0</td>
<td>br.com.softplan.security.zap.api.authentication.AuthenticationInfoValidatorTest@97e1986</td></tr>
<tr>
<td title='br.com.softplan.security.zap.api.authentication.AuthenticationInfoValidatorTest.testSimpleFormAuthenticationInfo()'><b>testSimpleFormAuthenticationInfo</b><br>Test class: br.com.softplan.security.zap.api.authentication.AuthenticationInfoValidatorTest</td>
<td></td>
<td>0</td>
<td>br.com.softplan.security.zap.api.authentication.AuthenticationInfoValidatorTest@97e1986</td></tr>
<tr>
<td title='br.com.softplan.security.zap.api.exception.AuthenticationInfoValidationExceptionTest.testThrowableConstructor()'><b>testThrowableConstructor</b><br>Test class: br.com.softplan.security.zap.api.exception.AuthenticationInfoValidationExceptionTest</td>
<td></td>
<td>0</td>
<td>br.com.softplan.security.zap.api.exception.AuthenticationInfoValidationExceptionTest@3dd3bcd</td></tr>
<tr>
<td title='br.com.softplan.security.zap.api.exception.ZapAnalysisTimeoutExceptionTest.testThrowableConstructor()'><b>testThrowableConstructor</b><br>Test class: br.com.softplan.security.zap.api.exception.ZapAnalysisTimeoutExceptionTest</td>
<td></td>
<td>0</td>
<td>br.com.softplan.security.zap.api.exception.ZapAnalysisTimeoutExceptionTest@13c78c0b</td></tr>
<tr>
<td title='br.com.softplan.security.zap.api.exception.ZapClientExceptionTest.testThrowableConstructor()'><b>testThrowableConstructor</b><br>Test class: br.com.softplan.security.zap.api.exception.ZapClientExceptionTest</td>
<td></td>
<td>0</td>
<td>br.com.softplan.security.zap.api.exception.ZapClientExceptionTest@12843fce</td></tr>
<tr>
<td title='br.com.softplan.security.zap.api.authentication.AuthenticationInfoValidatorTest.typeMustNotBeNull()'><b>typeMustNotBeNull</b><br>Test class: br.com.softplan.security.zap.api.authentication.AuthenticationInfoValidatorTest</td>
<td><div><pre>br.com.softplan.security.zap.api.exception.AuthenticationInfoValidationException: The parameter &apos;type&apos; is required when working with authentication.
	at br.com.softplan.security.zap.api.authentication.AuthenticationInfoValidator.checkRequiredParameter(AuthenticationInfoValidator.java:67)
	at br.com.softplan.security.zap.api.authentication.AuthenticationInfoValidator.validate(AuthenticationInfoValidator.java:31)
	at br.com.softplan.security.zap.api.model.AuthenticationInfo$Builder.build(AuthenticationInfo.java:475)
	at br.com.softplan.security.zap.api.authentication.AuthenticationInfoValidatorTest.typeMustNotBeNull(AuthenticationInfoValidatorTest.java:44)
... Removed 34 stack frames</pre></div><a href='#' onClick='toggleBox("stack-trace433287555", this, "Click to show all stack frames", "Click to hide stack frames")'>Click to show all stack frames</a>
<div class='stack-trace' id='stack-trace433287555'><pre>br.com.softplan.security.zap.api.exception.AuthenticationInfoValidationException: The parameter &apos;type&apos; is required when working with authentication.
	at br.com.softplan.security.zap.api.authentication.AuthenticationInfoValidator.checkRequiredParameter(AuthenticationInfoValidator.java:67)
	at br.com.softplan.security.zap.api.authentication.AuthenticationInfoValidator.validate(AuthenticationInfoValidator.java:31)
	at br.com.softplan.security.zap.api.model.AuthenticationInfo$Builder.build(AuthenticationInfo.java:475)
	at br.com.softplan.security.zap.api.authentication.AuthenticationInfoValidatorTest.typeMustNotBeNull(AuthenticationInfoValidatorTest.java:44)
	at sun.reflect.NativeMethodAccessorImpl.invoke0(Native Method)
	at sun.reflect.NativeMethodAccessorImpl.invoke(NativeMethodAccessorImpl.java:62)
	at sun.reflect.DelegatingMethodAccessorImpl.invoke(DelegatingMethodAccessorImpl.java:43)
	at java.lang.reflect.Method.invoke(Method.java:498)
	at org.testng.internal.MethodInvocationHelper.invokeMethod(MethodInvocationHelper.java:86)
	at org.testng.internal.Invoker.invokeMethod(Invoker.java:643)
	at org.testng.internal.Invoker.invokeTestMethod(Invoker.java:820)
	at org.testng.internal.Invoker.invokeTestMethods(Invoker.java:1128)
	at org.testng.internal.TestMethodWorker.invokeTestMethods(TestMethodWorker.java:129)
	at org.testng.internal.TestMethodWorker.run(TestMethodWorker.java:112)
	at org.testng.TestRunner.privateRun(TestRunner.java:782)
	at org.testng.TestRunner.run(TestRunner.java:632)
	at org.testng.SuiteRunner.runTest(SuiteRunner.java:366)
	at org.testng.SuiteRunner.runSequentially(SuiteRunner.java:361)
	at org.testng.SuiteRunner.privateRun(SuiteRunner.java:319)
	at org.testng.SuiteRunner.run(SuiteRunner.java:268)
	at org.testng.SuiteRunnerWorker.runSuite(SuiteRunnerWorker.java:52)
	at org.testng.SuiteRunnerWorker.run(SuiteRunnerWorker.java:86)
	at org.testng.TestNG.runSuitesSequentially(TestNG.java:1244)
	at org.testng.TestNG.runSuitesLocally(TestNG.java:1169)
	at org.testng.TestNG.run(TestNG.java:1064)
	at org.apache.maven.surefire.testng.TestNGExecutor.run(TestNGExecutor.java:77)
	at org.apache.maven.surefire.testng.TestNGDirectoryTestSuite.executeMulti(TestNGDirectoryTestSuite.java:159)
	at org.apache.maven.surefire.testng.TestNGDirectoryTestSuite.execute(TestNGDirectoryTestSuite.java:99)
	at org.apache.maven.surefire.testng.TestNGProvider.invoke(TestNGProvider.java:106)
	at sun.reflect.NativeMethodAccessorImpl.invoke0(Native Method)
	at sun.reflect.NativeMethodAccessorImpl.invoke(NativeMethodAccessorImpl.java:62)
	at sun.reflect.DelegatingMethodAccessorImpl.invoke(DelegatingMethodAccessorImpl.java:43)
	at java.lang.reflect.Method.invoke(Method.java:498)
	at org.apache.maven.surefire.util.ReflectionUtils.invokeMethodWithArray(ReflectionUtils.java:189)
	at org.apache.maven.surefire.booter.ProviderFactory$ProviderProxy.invoke(ProviderFactory.java:165)
	at org.apache.maven.surefire.booter.ProviderFactory.invokeProvider(ProviderFactory.java:85)
	at org.apache.maven.surefire.booter.ForkedBooter.runSuitesInProcess(ForkedBooter.java:115)
	at org.apache.maven.surefire.booter.ForkedBooter.main(ForkedBooter.java:75)
</pre></div></td>
<td>0</td>
<td>br.com.softplan.security.zap.api.authentication.AuthenticationInfoValidatorTest@97e1986</td></tr>
<tr>
<td title='br.com.softplan.security.zap.api.authentication.AuthenticationInfoValidatorTest.usernameMustNotBeNull()'><b>usernameMustNotBeNull</b><br>Test class: br.com.softplan.security.zap.api.authentication.AuthenticationInfoValidatorTest</td>
<td><div><pre>br.com.softplan.security.zap.api.exception.AuthenticationInfoValidationException: The parameter &apos;username&apos; is required when working with authentication.
	at br.com.softplan.security.zap.api.authentication.AuthenticationInfoValidator.checkRequiredParameter(AuthenticationInfoValidator.java:67)
	at br.com.softplan.security.zap.api.authentication.AuthenticationInfoValidator.validate(AuthenticationInfoValidator.java:32)
	at br.com.softplan.security.zap.api.model.AuthenticationInfo$Builder.build(AuthenticationInfo.java:475)
	at br.com.softplan.security.zap.api.authentication.AuthenticationInfoValidatorTest.usernameMustNotBeNull(AuthenticationInfoValidatorTest.java:49)
... Removed 34 stack frames</pre></div><a href='#' onClick='toggleBox("stack-trace226744878", this, "Click to show all stack frames", "Click to hide stack frames")'>Click to show all stack frames</a>
<div class='stack-trace' id='stack-trace226744878'><pre>br.com.softplan.security.zap.api.exception.AuthenticationInfoValidationException: The parameter &apos;username&apos; is required when working with authentication.
	at br.com.softplan.security.zap.api.authentication.AuthenticationInfoValidator.checkRequiredParameter(AuthenticationInfoValidator.java:67)
	at br.com.softplan.security.zap.api.authentication.AuthenticationInfoValidator.validate(AuthenticationInfoValidator.java:32)
	at br.com.softplan.security.zap.api.model.AuthenticationInfo$Builder.build(AuthenticationInfo.java:475)
	at br.com.softplan.security.zap.api.authentication.AuthenticationInfoValidatorTest.usernameMustNotBeNull(AuthenticationInfoValidatorTest.java:49)
	at sun.reflect.NativeMethodAccessorImpl.invoke0(Native Method)
	at sun.reflect.NativeMethodAccessorImpl.invoke(NativeMethodAccessorImpl.java:62)
	at sun.reflect.DelegatingMethodAccessorImpl.invoke(DelegatingMethodAccessorImpl.java:43)
	at java.lang.reflect.Method.invoke(Method.java:498)
	at org.testng.internal.MethodInvocationHelper.invokeMethod(MethodInvocationHelper.java:86)
	at org.testng.internal.Invoker.invokeMethod(Invoker.java:643)
	at org.testng.internal.Invoker.invokeTestMethod(Invoker.java:820)
	at org.testng.internal.Invoker.invokeTestMethods(Invoker.java:1128)
	at org.testng.internal.TestMethodWorker.invokeTestMethods(TestMethodWorker.java:129)
	at org.testng.internal.TestMethodWorker.run(TestMethodWorker.java:112)
	at org.testng.TestRunner.privateRun(TestRunner.java:782)
	at org.testng.TestRunner.run(TestRunner.java:632)
	at org.testng.SuiteRunner.runTest(SuiteRunner.java:366)
	at org.testng.SuiteRunner.runSequentially(SuiteRunner.java:361)
	at org.testng.SuiteRunner.privateRun(SuiteRunner.java:319)
	at org.testng.SuiteRunner.run(SuiteRunner.java:268)
	at org.testng.SuiteRunnerWorker.runSuite(SuiteRunnerWorker.java:52)
	at org.testng.SuiteRunnerWorker.run(SuiteRunnerWorker.java:86)
	at org.testng.TestNG.runSuitesSequentially(TestNG.java:1244)
	at org.testng.TestNG.runSuitesLocally(TestNG.java:1169)
	at org.testng.TestNG.run(TestNG.java:1064)
	at org.apache.maven.surefire.testng.TestNGExecutor.run(TestNGExecutor.java:77)
	at org.apache.maven.surefire.testng.TestNGDirectoryTestSuite.executeMulti(TestNGDirectoryTestSuite.java:159)
	at org.apache.maven.surefire.testng.TestNGDirectoryTestSuite.execute(TestNGDirectoryTestSuite.java:99)
	at org.apache.maven.surefire.testng.TestNGProvider.invoke(TestNGProvider.java:106)
	at sun.reflect.NativeMethodAccessorImpl.invoke0(Native Method)
	at sun.reflect.NativeMethodAccessorImpl.invoke(NativeMethodAccessorImpl.java:62)
	at sun.reflect.DelegatingMethodAccessorImpl.invoke(DelegatingMethodAccessorImpl.java:43)
	at java.lang.reflect.Method.invoke(Method.java:498)
	at org.apache.maven.surefire.util.ReflectionUtils.invokeMethodWithArray(ReflectionUtils.java:189)
	at org.apache.maven.surefire.booter.ProviderFactory$ProviderProxy.invoke(ProviderFactory.java:165)
	at org.apache.maven.surefire.booter.ProviderFactory.invokeProvider(ProviderFactory.java:85)
	at org.apache.maven.surefire.booter.ForkedBooter.runSuitesInProcess(ForkedBooter.java:115)
	at org.apache.maven.surefire.booter.ForkedBooter.main(ForkedBooter.java:75)
</pre></div></td>
<td>0</td>
<td>br.com.softplan.security.zap.api.authentication.AuthenticationInfoValidatorTest@97e1986</td></tr>
<tr>
<td title='br.com.softplan.security.zap.api.authentication.AuthenticationInfoValidatorTest.warningShouldBeGeneratedIfNoReauthenticationIsPossibleInCasAuthentication()'><b>warningShouldBeGeneratedIfNoReauthenticationIsPossibleInCasAuthentication</b><br>Test class: br.com.softplan.security.zap.api.authentication.AuthenticationInfoValidatorTest</td>
<td></td>
<td>0</td>
<td>br.com.softplan.security.zap.api.authentication.AuthenticationInfoValidatorTest@97e1986</td></tr>
<tr>
<td title='br.com.softplan.security.zap.api.authentication.AuthenticationInfoValidatorTest.warningShouldBeGeneratedIfNoReauthenticationIsPossibleInFormAuthentication()'><b>warningShouldBeGeneratedIfNoReauthenticationIsPossibleInFormAuthentication</b><br>Test class: br.com.softplan.security.zap.api.authentication.AuthenticationInfoValidatorTest</td>
<td></td>
<td>0</td>
<td>br.com.softplan.security.zap.api.authentication.AuthenticationInfoValidatorTest@97e1986</td></tr>
<tr>
<td title='br.com.softplan.security.zap.api.authentication.AuthenticationInfoValidatorTest.warningShouldBeGeneratedIfProtectedPageIsNotNullInFormAuthentication()'><b>warningShouldBeGeneratedIfProtectedPageIsNotNullInFormAuthentication</b><br>Test class: br.com.softplan.security.zap.api.authentication.AuthenticationInfoValidatorTest</td>
<td></td>
<td>0</td>
<td>br.com.softplan.security.zap.api.authentication.AuthenticationInfoValidatorTest@97e1986</td></tr>
</table><p>
</body>
</html>