<?xml version="1.0" encoding="UTF-8"?>
<testng-results skipped="0" failed="0" total="32" passed="32">
  <reporter-output>
  </reporter-output>
  <suite name="Command line suite" duration-ms="292" started-at="2018-01-25T07:05:05Z" finished-at="2018-01-25T07:05:05Z">
    <groups>
    </groups>
    <test name="Command line test" duration-ms="292" started-at="2018-01-25T07:05:05Z" finished-at="2018-01-25T07:05:05Z">
      <class name="br.com.softplan.security.zap.api.report.ZapReportTest">
        <test-method status="PASS" signature="setUp()[pri:0, instance:br.com.softplan.security.zap.api.report.ZapReportTest@50f8360d]" name="setUp" is-config="true" duration-ms="1" started-at="2018-01-25T08:05:05Z" finished-at="2018-01-25T08:05:05Z">
          <reporter-output>
          </reporter-output>
        </test-method> <!-- setUp -->
        <test-method status="PASS" signature="testByteAndStringReportsEquality()[pri:0, instance:br.com.softplan.security.zap.api.report.ZapReportTest@50f8360d]" name="testByteAndStringReportsEquality" duration-ms="0" started-at="2018-01-25T08:05:05Z" finished-at="2018-01-25T08:05:05Z">
          <reporter-output>
          </reporter-output>
        </test-method> <!-- testByteAndStringReportsEquality -->
        <test-method status="PASS" signature="testReportContents()[pri:0, instance:br.com.softplan.security.zap.api.report.ZapReportTest@50f8360d]" name="testReportContents" duration-ms="1" started-at="2018-01-25T08:05:05Z" finished-at="2018-01-25T08:05:05Z">
          <reporter-output>
          </reporter-output>
        </test-method> <!-- testReportContents -->
        <test-method status="PASS" signature="setUp()[pri:0, instance:br.com.softplan.security.zap.api.report.ZapReportTest@50f8360d]" name="setUp" is-config="true" duration-ms="0" started-at="2018-01-25T08:05:05Z" finished-at="2018-01-25T08:05:05Z">
          <reporter-output>
          </reporter-output>
        </test-method> <!-- setUp -->
      </class> <!-- br.com.softplan.security.zap.api.report.ZapReportTest -->
      <class name="br.com.softplan.security.zap.api.report.ZapReportUtilTest">
        <test-method status="PASS" signature="setUp()[pri:0, instance:br.com.softplan.security.zap.api.report.ZapReportUtilTest@2cb4c3ab]" name="setUp" is-config="true" duration-ms="0" started-at="2018-01-25T08:05:05Z" finished-at="2018-01-25T08:05:05Z">
          <reporter-output>
          </reporter-output>
        </test-method> <!-- setUp -->
        <test-method status="PASS" signature="saveHtmlReportInDefaultLocationTest()[pri:0, instance:br.com.softplan.security.zap.api.report.ZapReportUtilTest@2cb4c3ab]" name="saveHtmlReportInDefaultLocationTest" duration-ms="23" started-at="2018-01-25T08:05:05Z" finished-at="2018-01-25T08:05:05Z">
          <reporter-output>
          </reporter-output>
        </test-method> <!-- saveHtmlReportInDefaultLocationTest -->
        <test-method status="PASS" signature="saveHtmlReportTest()[pri:0, instance:br.com.softplan.security.zap.api.report.ZapReportUtilTest@2cb4c3ab]" name="saveHtmlReportTest" duration-ms="2" started-at="2018-01-25T08:05:05Z" finished-at="2018-01-25T08:05:05Z">
          <reporter-output>
          </reporter-output>
        </test-method> <!-- saveHtmlReportTest -->
        <test-method status="PASS" signature="setUp()[pri:0, instance:br.com.softplan.security.zap.api.report.ZapReportUtilTest@2cb4c3ab]" name="setUp" is-config="true" duration-ms="0" started-at="2018-01-25T08:05:05Z" finished-at="2018-01-25T08:05:05Z">
          <reporter-output>
          </reporter-output>
        </test-method> <!-- setUp -->
        <test-method status="PASS" signature="saveHtmlSpiderResultsInDefaultLocationTest()[pri:0, instance:br.com.softplan.security.zap.api.report.ZapReportUtilTest@2cb4c3ab]" name="saveHtmlSpiderResultsInDefaultLocationTest" duration-ms="1" started-at="2018-01-25T08:05:05Z" finished-at="2018-01-25T08:05:05Z">
          <reporter-output>
          </reporter-output>
        </test-method> <!-- saveHtmlSpiderResultsInDefaultLocationTest -->
        <test-method status="PASS" signature="setUp()[pri:0, instance:br.com.softplan.security.zap.api.report.ZapReportUtilTest@2cb4c3ab]" name="setUp" is-config="true" duration-ms="0" started-at="2018-01-25T08:05:05Z" finished-at="2018-01-25T08:05:05Z">
          <reporter-output>
          </reporter-output>
        </test-method> <!-- setUp -->
        <test-method status="PASS" signature="setUp()[pri:0, instance:br.com.softplan.security.zap.api.report.ZapReportUtilTest@2cb4c3ab]" name="setUp" is-config="true" duration-ms="1" started-at="2018-01-25T08:05:05Z" finished-at="2018-01-25T08:05:05Z">
          <reporter-output>
          </reporter-output>
        </test-method> <!-- setUp -->
        <test-method status="PASS" signature="saveHtmlSpiderResultsTest()[pri:0, instance:br.com.softplan.security.zap.api.report.ZapReportUtilTest@2cb4c3ab]" name="saveHtmlSpiderResultsTest" duration-ms="1" started-at="2018-01-25T08:05:05Z" finished-at="2018-01-25T08:05:05Z">
          <reporter-output>
          </reporter-output>
        </test-method> <!-- saveHtmlSpiderResultsTest -->
        <test-method status="PASS" signature="saveXmlReportInDefaultLocationTest()[pri:0, instance:br.com.softplan.security.zap.api.report.ZapReportUtilTest@2cb4c3ab]" name="saveXmlReportInDefaultLocationTest" duration-ms="1" started-at="2018-01-25T08:05:05Z" finished-at="2018-01-25T08:05:05Z">
          <reporter-output>
          </reporter-output>
        </test-method> <!-- saveXmlReportInDefaultLocationTest -->
        <test-method status="PASS" signature="setUp()[pri:0, instance:br.com.softplan.security.zap.api.report.ZapReportUtilTest@2cb4c3ab]" name="setUp" is-config="true" duration-ms="0" started-at="2018-01-25T08:05:05Z" finished-at="2018-01-25T08:05:05Z">
          <reporter-output>
          </reporter-output>
        </test-method> <!-- setUp -->
        <test-method status="PASS" signature="setUp()[pri:0, instance:br.com.softplan.security.zap.api.report.ZapReportUtilTest@2cb4c3ab]" name="setUp" is-config="true" duration-ms="0" started-at="2018-01-25T08:05:05Z" finished-at="2018-01-25T08:05:05Z">
          <reporter-output>
          </reporter-output>
        </test-method> <!-- setUp -->
        <test-method status="PASS" signature="saveXmlReportTest()[pri:0, instance:br.com.softplan.security.zap.api.report.ZapReportUtilTest@2cb4c3ab]" name="saveXmlReportTest" duration-ms="1" started-at="2018-01-25T08:05:05Z" finished-at="2018-01-25T08:05:05Z">
          <reporter-output>
          </reporter-output>
        </test-method> <!-- saveXmlReportTest -->
        <test-method status="PASS" signature="saveXmlSpiderResultsInDefaultLocationTest()[pri:0, instance:br.com.softplan.security.zap.api.report.ZapReportUtilTest@2cb4c3ab]" name="saveXmlSpiderResultsInDefaultLocationTest" duration-ms="1" started-at="2018-01-25T08:05:05Z" finished-at="2018-01-25T08:05:05Z">
          <reporter-output>
          </reporter-output>
        </test-method> <!-- saveXmlSpiderResultsInDefaultLocationTest -->
        <test-method status="PASS" signature="setUp()[pri:0, instance:br.com.softplan.security.zap.api.report.ZapReportUtilTest@2cb4c3ab]" name="setUp" is-config="true" duration-ms="0" started-at="2018-01-25T08:05:05Z" finished-at="2018-01-25T08:05:05Z">
          <reporter-output>
          </reporter-output>
        </test-method> <!-- setUp -->
        <test-method status="PASS" signature="saveXmlSpiderResultsTest()[pri:0, instance:br.com.softplan.security.zap.api.report.ZapReportUtilTest@2cb4c3ab]" name="saveXmlSpiderResultsTest" duration-ms="1" started-at="2018-01-25T08:05:05Z" finished-at="2018-01-25T08:05:05Z">
          <reporter-output>
          </reporter-output>
        </test-method> <!-- saveXmlSpiderResultsTest -->
        <test-method status="PASS" signature="setUp()[pri:0, instance:br.com.softplan.security.zap.api.report.ZapReportUtilTest@2cb4c3ab]" name="setUp" is-config="true" duration-ms="0" started-at="2018-01-25T08:05:05Z" finished-at="2018-01-25T08:05:05Z">
          <reporter-output>
          </reporter-output>
        </test-method> <!-- setUp -->
      </class> <!-- br.com.softplan.security.zap.api.report.ZapReportUtilTest -->
      <class name="br.com.softplan.security.zap.api.exception.ZapClientExceptionTest">
        <test-method status="PASS" signature="testMessageAndThrowableConstructor()[pri:0, instance:br.com.softplan.security.zap.api.exception.ZapClientExceptionTest@12843fce]" name="testMessageAndThrowableConstructor" duration-ms="0" started-at="2018-01-25T08:05:05Z" finished-at="2018-01-25T08:05:05Z">
          <reporter-output>
          </reporter-output>
        </test-method> <!-- testMessageAndThrowableConstructor -->
        <test-method status="PASS" signature="testThrowableConstructor()[pri:0, instance:br.com.softplan.security.zap.api.exception.ZapClientExceptionTest@12843fce]" name="testThrowableConstructor" duration-ms="1" started-at="2018-01-25T08:05:05Z" finished-at="2018-01-25T08:05:05Z">
          <reporter-output>
          </reporter-output>
        </test-method> <!-- testThrowableConstructor -->
        <test-method status="PASS" signature="testMessageConstructor()[pri:0, instance:br.com.softplan.security.zap.api.exception.ZapClientExceptionTest@12843fce]" name="testMessageConstructor" duration-ms="0" started-at="2018-01-25T08:05:05Z" finished-at="2018-01-25T08:05:05Z">
          <reporter-output>
          </reporter-output>
        </test-method> <!-- testMessageConstructor -->
      </class> <!-- br.com.softplan.security.zap.api.exception.ZapClientExceptionTest -->
      <class name="br.com.softplan.security.zap.api.exception.ZapAnalysisTimeoutExceptionTest">
        <test-method status="PASS" signature="testMessageAndThrowableConstructor()[pri:0, instance:br.com.softplan.security.zap.api.exception.ZapAnalysisTimeoutExceptionTest@13c78c0b]" name="testMessageAndThrowableConstructor" duration-ms="1" started-at="2018-01-25T08:05:05Z" finished-at="2018-01-25T08:05:05Z">
          <reporter-output>
          </reporter-output>
        </test-method> <!-- testMessageAndThrowableConstructor -->
        <test-method status="PASS" signature="testMessageConstructor()[pri:0, instance:br.com.softplan.security.zap.api.exception.ZapAnalysisTimeoutExceptionTest@13c78c0b]" name="testMessageConstructor" duration-ms="0" started-at="2018-01-25T08:05:05Z" finished-at="2018-01-25T08:05:05Z">
          <reporter-output>
          </reporter-output>
        </test-method> <!-- testMessageConstructor -->
        <test-method status="PASS" signature="testThrowableConstructor()[pri:0, instance:br.com.softplan.security.zap.api.exception.ZapAnalysisTimeoutExceptionTest@13c78c0b]" name="testThrowableConstructor" duration-ms="0" started-at="2018-01-25T08:05:05Z" finished-at="2018-01-25T08:05:05Z">
          <reporter-output>
          </reporter-output>
        </test-method> <!-- testThrowableConstructor -->
      </class> <!-- br.com.softplan.security.zap.api.exception.ZapAnalysisTimeoutExceptionTest -->
      <class name="br.com.softplan.security.zap.api.exception.AuthenticationInfoValidationExceptionTest">
        <test-method status="PASS" signature="testMessageConstructor()[pri:0, instance:br.com.softplan.security.zap.api.exception.AuthenticationInfoValidationExceptionTest@3dd3bcd]" name="testMessageConstructor" duration-ms="0" started-at="2018-01-25T08:05:05Z" finished-at="2018-01-25T08:05:05Z">
          <reporter-output>
          </reporter-output>
        </test-method> <!-- testMessageConstructor -->
        <test-method status="PASS" signature="testMessageAndThrowableConstructor()[pri:0, instance:br.com.softplan.security.zap.api.exception.AuthenticationInfoValidationExceptionTest@3dd3bcd]" name="testMessageAndThrowableConstructor" duration-ms="0" started-at="2018-01-25T08:05:05Z" finished-at="2018-01-25T08:05:05Z">
          <reporter-output>
          </reporter-output>
        </test-method> <!-- testMessageAndThrowableConstructor -->
        <test-method status="PASS" signature="testThrowableConstructor()[pri:0, instance:br.com.softplan.security.zap.api.exception.AuthenticationInfoValidationExceptionTest@3dd3bcd]" name="testThrowableConstructor" duration-ms="0" started-at="2018-01-25T08:05:05Z" finished-at="2018-01-25T08:05:05Z">
          <reporter-output>
          </reporter-output>
        </test-method> <!-- testThrowableConstructor -->
      </class> <!-- br.com.softplan.security.zap.api.exception.AuthenticationInfoValidationExceptionTest -->
      <class name="br.com.softplan.security.zap.api.authentication.AuthenticationInfoValidatorTest">
        <test-method status="PASS" signature="setUp()[pri:0, instance:br.com.softplan.security.zap.api.authentication.AuthenticationInfoValidatorTest@97e1986]" name="setUp" is-config="true" duration-ms="0" started-at="2018-01-25T08:05:05Z" finished-at="2018-01-25T08:05:05Z">
          <reporter-output>
          </reporter-output>
        </test-method> <!-- setUp -->
        <test-method status="PASS" signature="infoMustNotBeNull()[pri:0, instance:br.com.softplan.security.zap.api.authentication.AuthenticationInfoValidatorTest@97e1986]" name="infoMustNotBeNull" duration-ms="0" started-at="2018-01-25T08:05:05Z" finished-at="2018-01-25T08:05:05Z">
          <exception class="br.com.softplan.security.zap.api.exception.AuthenticationInfoValidationException">
            <message>
              <![CDATA[AuthenticationInfo cannot be null.]]>
            </message>
            <full-stacktrace>
              <![CDATA[br.com.softplan.security.zap.api.exception.AuthenticationInfoValidationException: AuthenticationInfo cannot be null.
	at br.com.softplan.security.zap.api.authentication.AuthenticationInfoValidator.validate(AuthenticationInfoValidator.java:28)
	at br.com.softplan.security.zap.api.authentication.AuthenticationInfoValidatorTest.infoMustNotBeNull(AuthenticationInfoValidatorTest.java:39)
	at sun.reflect.NativeMethodAccessorImpl.invoke0(Native Method)
	at sun.reflect.NativeMethodAccessorImpl.invoke(NativeMethodAccessorImpl.java:62)
	at sun.reflect.DelegatingMethodAccessorImpl.invoke(DelegatingMethodAccessorImpl.java:43)
	at java.lang.reflect.Method.invoke(Method.java:498)
	at org.testng.internal.MethodInvocationHelper.invokeMethod(MethodInvocationHelper.java:86)
	at org.testng.internal.Invoker.invokeMethod(Invoker.java:643)
	at org.testng.internal.Invoker.invokeTestMethod(Invoker.java:820)
	at org.testng.internal.Invoker.invokeTestMethods(Invoker.java:1128)
	at org.testng.internal.TestMethodWorker.invokeTestMethods(TestMethodWorker.java:129)
	at org.testng.internal.TestMethodWorker.run(TestMethodWorker.java:112)
	at org.testng.TestRunner.privateRun(TestRunner.java:782)
	at org.testng.TestRunner.run(TestRunner.java:632)
	at org.testng.SuiteRunner.runTest(SuiteRunner.java:366)
	at org.testng.SuiteRunner.runSequentially(SuiteRunner.java:361)
	at org.testng.SuiteRunner.privateRun(SuiteRunner.java:319)
	at org.testng.SuiteRunner.run(SuiteRunner.java:268)
	at org.testng.SuiteRunnerWorker.runSuite(SuiteRunnerWorker.java:52)
	at org.testng.SuiteRunnerWorker.run(SuiteRunnerWorker.java:86)
	at org.testng.TestNG.runSuitesSequentially(TestNG.java:1244)
	at org.testng.TestNG.runSuitesLocally(TestNG.java:1169)
	at org.testng.TestNG.run(TestNG.java:1064)
	at org.apache.maven.surefire.testng.TestNGExecutor.run(TestNGExecutor.java:77)
	at org.apache.maven.surefire.testng.TestNGDirectoryTestSuite.executeMulti(TestNGDirectoryTestSuite.java:159)
	at org.apache.maven.surefire.testng.TestNGDirectoryTestSuite.execute(TestNGDirectoryTestSuite.java:99)
	at org.apache.maven.surefire.testng.TestNGProvider.invoke(TestNGProvider.java:106)
	at sun.reflect.NativeMethodAccessorImpl.invoke0(Native Method)
	at sun.reflect.NativeMethodAccessorImpl.invoke(NativeMethodAccessorImpl.java:62)
	at sun.reflect.DelegatingMethodAccessorImpl.invoke(DelegatingMethodAccessorImpl.java:43)
	at java.lang.reflect.Method.invoke(Method.java:498)
	at org.apache.maven.surefire.util.ReflectionUtils.invokeMethodWithArray(ReflectionUtils.java:189)
	at org.apache.maven.surefire.booter.ProviderFactory$ProviderProxy.invoke(ProviderFactory.java:165)
	at org.apache.maven.surefire.booter.ProviderFactory.invokeProvider(ProviderFactory.java:85)
	at org.apache.maven.surefire.booter.ForkedBooter.runSuitesInProcess(ForkedBooter.java:115)
	at org.apache.maven.surefire.booter.ForkedBooter.main(ForkedBooter.java:75)
]]>
            </full-stacktrace>
          </exception> <!-- br.com.softplan.security.zap.api.exception.AuthenticationInfoValidationException -->
          <reporter-output>
          </reporter-output>
        </test-method> <!-- infoMustNotBeNull -->
        <test-method status="PASS" signature="clearAppender()[pri:0, instance:br.com.softplan.security.zap.api.authentication.AuthenticationInfoValidatorTest@97e1986]" name="clearAppender" is-config="true" duration-ms="0" started-at="2018-01-25T08:05:05Z" finished-at="2018-01-25T08:05:05Z">
          <reporter-output>
          </reporter-output>
        </test-method> <!-- clearAppender -->
        <test-method status="PASS" signature="loginUrlMustNotBeNull()[pri:0, instance:br.com.softplan.security.zap.api.authentication.AuthenticationInfoValidatorTest@97e1986]" name="loginUrlMustNotBeNull" duration-ms="1" started-at="2018-01-25T08:05:05Z" finished-at="2018-01-25T08:05:05Z">
          <exception class="br.com.softplan.security.zap.api.exception.AuthenticationInfoValidationException">
            <message>
              <![CDATA[The parameter 'password' is required when working with authentication.]]>
            </message>
            <full-stacktrace>
              <![CDATA[br.com.softplan.security.zap.api.exception.AuthenticationInfoValidationException: The parameter 'password' is required when working with authentication.
	at br.com.softplan.security.zap.api.authentication.AuthenticationInfoValidator.checkRequiredParameter(AuthenticationInfoValidator.java:67)
	at br.com.softplan.security.zap.api.authentication.AuthenticationInfoValidator.validate(AuthenticationInfoValidator.java:33)
	at br.com.softplan.security.zap.api.model.AuthenticationInfo$Builder.build(AuthenticationInfo.java:475)
	at br.com.softplan.security.zap.api.authentication.AuthenticationInfoValidatorTest.loginUrlMustNotBeNull(AuthenticationInfoValidatorTest.java:68)
	at sun.reflect.NativeMethodAccessorImpl.invoke0(Native Method)
	at sun.reflect.NativeMethodAccessorImpl.invoke(NativeMethodAccessorImpl.java:62)
	at sun.reflect.DelegatingMethodAccessorImpl.invoke(DelegatingMethodAccessorImpl.java:43)
	at java.lang.reflect.Method.invoke(Method.java:498)
	at org.testng.internal.MethodInvocationHelper.invokeMethod(MethodInvocationHelper.java:86)
	at org.testng.internal.Invoker.invokeMethod(Invoker.java:643)
	at org.testng.internal.Invoker.invokeTestMethod(Invoker.java:820)
	at org.testng.internal.Invoker.invokeTestMethods(Invoker.java:1128)
	at org.testng.internal.TestMethodWorker.invokeTestMethods(TestMethodWorker.java:129)
	at org.testng.internal.TestMethodWorker.run(TestMethodWorker.java:112)
	at org.testng.TestRunner.privateRun(TestRunner.java:782)
	at org.testng.TestRunner.run(TestRunner.java:632)
	at org.testng.SuiteRunner.runTest(SuiteRunner.java:366)
	at org.testng.SuiteRunner.runSequentially(SuiteRunner.java:361)
	at org.testng.SuiteRunner.privateRun(SuiteRunner.java:319)
	at org.testng.SuiteRunner.run(SuiteRunner.java:268)
	at org.testng.SuiteRunnerWorker.runSuite(SuiteRunnerWorker.java:52)
	at org.testng.SuiteRunnerWorker.run(SuiteRunnerWorker.java:86)
	at org.testng.TestNG.runSuitesSequentially(TestNG.java:1244)
	at org.testng.TestNG.runSuitesLocally(TestNG.java:1169)
	at org.testng.TestNG.run(TestNG.java:1064)
	at org.apache.maven.surefire.testng.TestNGExecutor.run(TestNGExecutor.java:77)
	at org.apache.maven.surefire.testng.TestNGDirectoryTestSuite.executeMulti(TestNGDirectoryTestSuite.java:159)
	at org.apache.maven.surefire.testng.TestNGDirectoryTestSuite.execute(TestNGDirectoryTestSuite.java:99)
	at org.apache.maven.surefire.testng.TestNGProvider.invoke(TestNGProvider.java:106)
	at sun.reflect.NativeMethodAccessorImpl.invoke0(Native Method)
	at sun.reflect.NativeMethodAccessorImpl.invoke(NativeMethodAccessorImpl.java:62)
	at sun.reflect.DelegatingMethodAccessorImpl.invoke(DelegatingMethodAccessorImpl.java:43)
	at java.lang.reflect.Method.invoke(Method.java:498)
	at org.apache.maven.surefire.util.ReflectionUtils.invokeMethodWithArray(ReflectionUtils.java:189)
	at org.apache.maven.surefire.booter.ProviderFactory$ProviderProxy.invoke(ProviderFactory.java:165)
	at org.apache.maven.surefire.booter.ProviderFactory.invokeProvider(ProviderFactory.java:85)
	at org.apache.maven.surefire.booter.ForkedBooter.runSuitesInProcess(ForkedBooter.java:115)
	at org.apache.maven.surefire.booter.ForkedBooter.main(ForkedBooter.java:75)
]]>
            </full-stacktrace>
          </exception> <!-- br.com.softplan.security.zap.api.exception.AuthenticationInfoValidationException -->
          <reporter-output>
          </reporter-output>
        </test-method> <!-- loginUrlMustNotBeNull -->
        <test-method status="PASS" signature="setUp()[pri:0, instance:br.com.softplan.security.zap.api.authentication.AuthenticationInfoValidatorTest@97e1986]" name="setUp" is-config="true" duration-ms="0" started-at="2018-01-25T08:05:05Z" finished-at="2018-01-25T08:05:05Z">
          <reporter-output>
          </reporter-output>
        </test-method> <!-- setUp -->
        <test-method status="PASS" signature="passwordMustNotBeNull()[pri:0, instance:br.com.softplan.security.zap.api.authentication.AuthenticationInfoValidatorTest@97e1986]" name="passwordMustNotBeNull" duration-ms="1" started-at="2018-01-25T08:05:05Z" finished-at="2018-01-25T08:05:05Z">
          <exception class="br.com.softplan.security.zap.api.exception.AuthenticationInfoValidationException">
            <message>
              <![CDATA[The parameter 'password' is required when working with authentication.]]>
            </message>
            <full-stacktrace>
              <![CDATA[br.com.softplan.security.zap.api.exception.AuthenticationInfoValidationException: The parameter 'password' is required when working with authentication.
	at br.com.softplan.security.zap.api.authentication.AuthenticationInfoValidator.checkRequiredParameter(AuthenticationInfoValidator.java:67)
	at br.com.softplan.security.zap.api.authentication.AuthenticationInfoValidator.validate(AuthenticationInfoValidator.java:33)
	at br.com.softplan.security.zap.api.model.AuthenticationInfo$Builder.build(AuthenticationInfo.java:475)
	at br.com.softplan.security.zap.api.authentication.AuthenticationInfoValidatorTest.passwordMustNotBeNull(AuthenticationInfoValidatorTest.java:58)
	at sun.reflect.NativeMethodAccessorImpl.invoke0(Native Method)
	at sun.reflect.NativeMethodAccessorImpl.invoke(NativeMethodAccessorImpl.java:62)
	at sun.reflect.DelegatingMethodAccessorImpl.invoke(DelegatingMethodAccessorImpl.java:43)
	at java.lang.reflect.Method.invoke(Method.java:498)
	at org.testng.internal.MethodInvocationHelper.invokeMethod(MethodInvocationHelper.java:86)
	at org.testng.internal.Invoker.invokeMethod(Invoker.java:643)
	at org.testng.internal.Invoker.invokeTestMethod(Invoker.java:820)
	at org.testng.internal.Invoker.invokeTestMethods(Invoker.java:1128)
	at org.testng.internal.TestMethodWorker.invokeTestMethods(TestMethodWorker.java:129)
	at org.testng.internal.TestMethodWorker.run(TestMethodWorker.java:112)
	at org.testng.TestRunner.privateRun(TestRunner.java:782)
	at org.testng.TestRunner.run(TestRunner.java:632)
	at org.testng.SuiteRunner.runTest(SuiteRunner.java:366)
	at org.testng.SuiteRunner.runSequentially(SuiteRunner.java:361)
	at org.testng.SuiteRunner.privateRun(SuiteRunner.java:319)
	at org.testng.SuiteRunner.run(SuiteRunner.java:268)
	at org.testng.SuiteRunnerWorker.runSuite(SuiteRunnerWorker.java:52)
	at org.testng.SuiteRunnerWorker.run(SuiteRunnerWorker.java:86)
	at org.testng.TestNG.runSuitesSequentially(TestNG.java:1244)
	at org.testng.TestNG.runSuitesLocally(TestNG.java:1169)
	at org.testng.TestNG.run(TestNG.java:1064)
	at org.apache.maven.surefire.testng.TestNGExecutor.run(TestNGExecutor.java:77)
	at org.apache.maven.surefire.testng.TestNGDirectoryTestSuite.executeMulti(TestNGDirectoryTestSuite.java:159)
	at org.apache.maven.surefire.testng.TestNGDirectoryTestSuite.execute(TestNGDirectoryTestSuite.java:99)
	at org.apache.maven.surefire.testng.TestNGProvider.invoke(TestNGProvider.java:106)
	at sun.reflect.NativeMethodAccessorImpl.invoke0(Native Method)
	at sun.reflect.NativeMethodAccessorImpl.invoke(NativeMethodAccessorImpl.java:62)
	at sun.reflect.DelegatingMethodAccessorImpl.invoke(DelegatingMethodAccessorImpl.java:43)
	at java.lang.reflect.Method.invoke(Method.java:498)
	at org.apache.maven.surefire.util.ReflectionUtils.invokeMethodWithArray(ReflectionUtils.java:189)
	at org.apache.maven.surefire.booter.ProviderFactory$ProviderProxy.invoke(ProviderFactory.java:165)
	at org.apache.maven.surefire.booter.ProviderFactory.invokeProvider(ProviderFactory.java:85)
	at org.apache.maven.surefire.booter.ForkedBooter.runSuitesInProcess(ForkedBooter.java:115)
	at org.apache.maven.surefire.booter.ForkedBooter.main(ForkedBooter.java:75)
]]>
            </full-stacktrace>
          </exception> <!-- br.com.softplan.security.zap.api.exception.AuthenticationInfoValidationException -->
          <reporter-output>
          </reporter-output>
        </test-method> <!-- passwordMustNotBeNull -->
        <test-method status="PASS" signature="clearAppender()[pri:0, instance:br.com.softplan.security.zap.api.authentication.AuthenticationInfoValidatorTest@97e1986]" name="clearAppender" is-config="true" duration-ms="0" started-at="2018-01-25T08:05:05Z" finished-at="2018-01-25T08:05:05Z">
          <reporter-output>
          </reporter-output>
        </test-method> <!-- clearAppender -->
        <test-method status="PASS" signature="setUp()[pri:0, instance:br.com.softplan.security.zap.api.authentication.AuthenticationInfoValidatorTest@97e1986]" name="setUp" is-config="true" duration-ms="0" started-at="2018-01-25T08:05:05Z" finished-at="2018-01-25T08:05:05Z">
          <reporter-output>
          </reporter-output>
        </test-method> <!-- setUp -->
        <test-method status="PASS" signature="clearAppender()[pri:0, instance:br.com.softplan.security.zap.api.authentication.AuthenticationInfoValidatorTest@97e1986]" name="clearAppender" is-config="true" duration-ms="0" started-at="2018-01-25T08:05:05Z" finished-at="2018-01-25T08:05:05Z">
          <reporter-output>
          </reporter-output>
        </test-method> <!-- clearAppender -->
        <test-method status="PASS" signature="setUp()[pri:0, instance:br.com.softplan.security.zap.api.authentication.AuthenticationInfoValidatorTest@97e1986]" name="setUp" is-config="true" duration-ms="0" started-at="2018-01-25T08:05:05Z" finished-at="2018-01-25T08:05:05Z">
          <reporter-output>
          </reporter-output>
        </test-method> <!-- setUp -->
        <test-method status="PASS" signature="protectedPagesMustNotBeVoidInCasAuthentication()[pri:0, instance:br.com.softplan.security.zap.api.authentication.AuthenticationInfoValidatorTest@97e1986]" name="protectedPagesMustNotBeVoidInCasAuthentication" duration-ms="0" started-at="2018-01-25T08:05:05Z" finished-at="2018-01-25T08:05:05Z">
          <exception class="br.com.softplan.security.zap.api.exception.AuthenticationInfoValidationException">
            <message>
              <![CDATA[The 'protectedPages' parameter is required for CAS authentication. A protected page of each context must be accessed prior to scanning to avoid later redirections.]]>
            </message>
            <full-stacktrace>
              <![CDATA[br.com.softplan.security.zap.api.exception.AuthenticationInfoValidationException: The 'protectedPages' parameter is required for CAS authentication. A protected page of each context must be accessed prior to scanning to avoid later redirections.
	at br.com.softplan.security.zap.api.authentication.AuthenticationInfoValidator.validateCasAuthenticationInfo(AuthenticationInfoValidator.java:97)
	at br.com.softplan.security.zap.api.authentication.AuthenticationInfoValidator.validate(AuthenticationInfoValidator.java:47)
	at br.com.softplan.security.zap.api.model.AuthenticationInfo$Builder.build(AuthenticationInfo.java:475)
	at br.com.softplan.security.zap.api.model.AuthenticationInfo$Builder.buildCasAuthenticationInfo(AuthenticationInfo.java:198)
	at br.com.softplan.security.zap.api.authentication.AuthenticationInfoValidatorTest.protectedPagesMustNotBeVoidInCasAuthentication(AuthenticationInfoValidatorTest.java:119)
	at sun.reflect.NativeMethodAccessorImpl.invoke0(Native Method)
	at sun.reflect.NativeMethodAccessorImpl.invoke(NativeMethodAccessorImpl.java:62)
	at sun.reflect.DelegatingMethodAccessorImpl.invoke(DelegatingMethodAccessorImpl.java:43)
	at java.lang.reflect.Method.invoke(Method.java:498)
	at org.testng.internal.MethodInvocationHelper.invokeMethod(MethodInvocationHelper.java:86)
	at org.testng.internal.Invoker.invokeMethod(Invoker.java:643)
	at org.testng.internal.Invoker.invokeTestMethod(Invoker.java:820)
	at org.testng.internal.Invoker.invokeTestMethods(Invoker.java:1128)
	at org.testng.internal.TestMethodWorker.invokeTestMethods(TestMethodWorker.java:129)
	at org.testng.internal.TestMethodWorker.run(TestMethodWorker.java:112)
	at org.testng.TestRunner.privateRun(TestRunner.java:782)
	at org.testng.TestRunner.run(TestRunner.java:632)
	at org.testng.SuiteRunner.runTest(SuiteRunner.java:366)
	at org.testng.SuiteRunner.runSequentially(SuiteRunner.java:361)
	at org.testng.SuiteRunner.privateRun(SuiteRunner.java:319)
	at org.testng.SuiteRunner.run(SuiteRunner.java:268)
	at org.testng.SuiteRunnerWorker.runSuite(SuiteRunnerWorker.java:52)
	at org.testng.SuiteRunnerWorker.run(SuiteRunnerWorker.java:86)
	at org.testng.TestNG.runSuitesSequentially(TestNG.java:1244)
	at org.testng.TestNG.runSuitesLocally(TestNG.java:1169)
	at org.testng.TestNG.run(TestNG.java:1064)
	at org.apache.maven.surefire.testng.TestNGExecutor.run(TestNGExecutor.java:77)
	at org.apache.maven.surefire.testng.TestNGDirectoryTestSuite.executeMulti(TestNGDirectoryTestSuite.java:159)
	at org.apache.maven.surefire.testng.TestNGDirectoryTestSuite.execute(TestNGDirectoryTestSuite.java:99)
	at org.apache.maven.surefire.testng.TestNGProvider.invoke(TestNGProvider.java:106)
	at sun.reflect.NativeMethodAccessorImpl.invoke0(Native Method)
	at sun.reflect.NativeMethodAccessorImpl.invoke(NativeMethodAccessorImpl.java:62)
	at sun.reflect.DelegatingMethodAccessorImpl.invoke(DelegatingMethodAccessorImpl.java:43)
	at java.lang.reflect.Method.invoke(Method.java:498)
	at org.apache.maven.surefire.util.ReflectionUtils.invokeMethodWithArray(ReflectionUtils.java:189)
	at org.apache.maven.surefire.booter.ProviderFactory$ProviderProxy.invoke(ProviderFactory.java:165)
	at org.apache.maven.surefire.booter.ProviderFactory.invokeProvider(ProviderFactory.java:85)
	at org.apache.maven.surefire.booter.ForkedBooter.runSuitesInProcess(ForkedBooter.java:115)
	at org.apache.maven.surefire.booter.ForkedBooter.main(ForkedBooter.java:75)
]]>
            </full-stacktrace>
          </exception> <!-- br.com.softplan.security.zap.api.exception.AuthenticationInfoValidationException -->
          <reporter-output>
          </reporter-output>
        </test-method> <!-- protectedPagesMustNotBeVoidInCasAuthentication -->
        <test-method status="PASS" signature="clearAppender()[pri:0, instance:br.com.softplan.security.zap.api.authentication.AuthenticationInfoValidatorTest@97e1986]" name="clearAppender" is-config="true" duration-ms="0" started-at="2018-01-25T08:05:05Z" finished-at="2018-01-25T08:05:05Z">
          <reporter-output>
          </reporter-output>
        </test-method> <!-- clearAppender -->
        <test-method status="PASS" signature="testSimpleCasAuthenticationInfo()[pri:0, instance:br.com.softplan.security.zap.api.authentication.AuthenticationInfoValidatorTest@97e1986]" name="testSimpleCasAuthenticationInfo" duration-ms="3" started-at="2018-01-25T08:05:05Z" finished-at="2018-01-25T08:05:05Z">
          <reporter-output>
          </reporter-output>
        </test-method> <!-- testSimpleCasAuthenticationInfo -->
        <test-method status="PASS" signature="setUp()[pri:0, instance:br.com.softplan.security.zap.api.authentication.AuthenticationInfoValidatorTest@97e1986]" name="setUp" is-config="true" duration-ms="0" started-at="2018-01-25T08:05:05Z" finished-at="2018-01-25T08:05:05Z">
          <reporter-output>
          </reporter-output>
        </test-method> <!-- setUp -->
        <test-method status="PASS" signature="testSimpleFormAuthenticationInfo()[pri:0, instance:br.com.softplan.security.zap.api.authentication.AuthenticationInfoValidatorTest@97e1986]" name="testSimpleFormAuthenticationInfo" duration-ms="2" started-at="2018-01-25T08:05:05Z" finished-at="2018-01-25T08:05:05Z">
          <reporter-output>
          </reporter-output>
        </test-method> <!-- testSimpleFormAuthenticationInfo -->
        <test-method status="PASS" signature="clearAppender()[pri:0, instance:br.com.softplan.security.zap.api.authentication.AuthenticationInfoValidatorTest@97e1986]" name="clearAppender" is-config="true" duration-ms="0" started-at="2018-01-25T08:05:05Z" finished-at="2018-01-25T08:05:05Z">
          <reporter-output>
          </reporter-output>
        </test-method> <!-- clearAppender -->
        <test-method status="PASS" signature="setUp()[pri:0, instance:br.com.softplan.security.zap.api.authentication.AuthenticationInfoValidatorTest@97e1986]" name="setUp" is-config="true" duration-ms="0" started-at="2018-01-25T08:05:05Z" finished-at="2018-01-25T08:05:05Z">
          <reporter-output>
          </reporter-output>
        </test-method> <!-- setUp -->
        <test-method status="PASS" signature="setUp()[pri:0, instance:br.com.softplan.security.zap.api.authentication.AuthenticationInfoValidatorTest@97e1986]" name="setUp" is-config="true" duration-ms="0" started-at="2018-01-25T08:05:05Z" finished-at="2018-01-25T08:05:05Z">
          <reporter-output>
          </reporter-output>
        </test-method> <!-- setUp -->
        <test-method status="PASS" signature="clearAppender()[pri:0, instance:br.com.softplan.security.zap.api.authentication.AuthenticationInfoValidatorTest@97e1986]" name="clearAppender" is-config="true" duration-ms="0" started-at="2018-01-25T08:05:05Z" finished-at="2018-01-25T08:05:05Z">
          <reporter-output>
          </reporter-output>
        </test-method> <!-- clearAppender -->
        <test-method status="PASS" signature="typeMustNotBeNull()[pri:0, instance:br.com.softplan.security.zap.api.authentication.AuthenticationInfoValidatorTest@97e1986]" name="typeMustNotBeNull" duration-ms="10" started-at="2018-01-25T08:05:05Z" finished-at="2018-01-25T08:05:05Z">
          <exception class="br.com.softplan.security.zap.api.exception.AuthenticationInfoValidationException">
            <message>
              <![CDATA[The parameter 'type' is required when working with authentication.]]>
            </message>
            <full-stacktrace>
              <![CDATA[br.com.softplan.security.zap.api.exception.AuthenticationInfoValidationException: The parameter 'type' is required when working with authentication.
	at br.com.softplan.security.zap.api.authentication.AuthenticationInfoValidator.checkRequiredParameter(AuthenticationInfoValidator.java:67)
	at br.com.softplan.security.zap.api.authentication.AuthenticationInfoValidator.validate(AuthenticationInfoValidator.java:31)
	at br.com.softplan.security.zap.api.model.AuthenticationInfo$Builder.build(AuthenticationInfo.java:475)
	at br.com.softplan.security.zap.api.authentication.AuthenticationInfoValidatorTest.typeMustNotBeNull(AuthenticationInfoValidatorTest.java:44)
	at sun.reflect.NativeMethodAccessorImpl.invoke0(Native Method)
	at sun.reflect.NativeMethodAccessorImpl.invoke(NativeMethodAccessorImpl.java:62)
	at sun.reflect.DelegatingMethodAccessorImpl.invoke(DelegatingMethodAccessorImpl.java:43)
	at java.lang.reflect.Method.invoke(Method.java:498)
	at org.testng.internal.MethodInvocationHelper.invokeMethod(MethodInvocationHelper.java:86)
	at org.testng.internal.Invoker.invokeMethod(Invoker.java:643)
	at org.testng.internal.Invoker.invokeTestMethod(Invoker.java:820)
	at org.testng.internal.Invoker.invokeTestMethods(Invoker.java:1128)
	at org.testng.internal.TestMethodWorker.invokeTestMethods(TestMethodWorker.java:129)
	at org.testng.internal.TestMethodWorker.run(TestMethodWorker.java:112)
	at org.testng.TestRunner.privateRun(TestRunner.java:782)
	at org.testng.TestRunner.run(TestRunner.java:632)
	at org.testng.SuiteRunner.runTest(SuiteRunner.java:366)
	at org.testng.SuiteRunner.runSequentially(SuiteRunner.java:361)
	at org.testng.SuiteRunner.privateRun(SuiteRunner.java:319)
	at org.testng.SuiteRunner.run(SuiteRunner.java:268)
	at org.testng.SuiteRunnerWorker.runSuite(SuiteRunnerWorker.java:52)
	at org.testng.SuiteRunnerWorker.run(SuiteRunnerWorker.java:86)
	at org.testng.TestNG.runSuitesSequentially(TestNG.java:1244)
	at org.testng.TestNG.runSuitesLocally(TestNG.java:1169)
	at org.testng.TestNG.run(TestNG.java:1064)
	at org.apache.maven.surefire.testng.TestNGExecutor.run(TestNGExecutor.java:77)
	at org.apache.maven.surefire.testng.TestNGDirectoryTestSuite.executeMulti(TestNGDirectoryTestSuite.java:159)
	at org.apache.maven.surefire.testng.TestNGDirectoryTestSuite.execute(TestNGDirectoryTestSuite.java:99)
	at org.apache.maven.surefire.testng.TestNGProvider.invoke(TestNGProvider.java:106)
	at sun.reflect.NativeMethodAccessorImpl.invoke0(Native Method)
	at sun.reflect.NativeMethodAccessorImpl.invoke(NativeMethodAccessorImpl.java:62)
	at sun.reflect.DelegatingMethodAccessorImpl.invoke(DelegatingMethodAccessorImpl.java:43)
	at java.lang.reflect.Method.invoke(Method.java:498)
	at org.apache.maven.surefire.util.ReflectionUtils.invokeMethodWithArray(ReflectionUtils.java:189)
	at org.apache.maven.surefire.booter.ProviderFactory$ProviderProxy.invoke(ProviderFactory.java:165)
	at org.apache.maven.surefire.booter.ProviderFactory.invokeProvider(ProviderFactory.java:85)
	at org.apache.maven.surefire.booter.ForkedBooter.runSuitesInProcess(ForkedBooter.java:115)
	at org.apache.maven.surefire.booter.ForkedBooter.main(ForkedBooter.java:75)
]]>
            </full-stacktrace>
          </exception> <!-- br.com.softplan.security.zap.api.exception.AuthenticationInfoValidationException -->
          <reporter-output>
          </reporter-output>
        </test-method> <!-- typeMustNotBeNull -->
        <test-method status="PASS" signature="setUp()[pri:0, instance:br.com.softplan.security.zap.api.authentication.AuthenticationInfoValidatorTest@97e1986]" name="setUp" is-config="true" duration-ms="0" started-at="2018-01-25T08:05:05Z" finished-at="2018-01-25T08:05:05Z">
          <reporter-output>
          </reporter-output>
        </test-method> <!-- setUp -->
        <test-method status="PASS" signature="clearAppender()[pri:0, instance:br.com.softplan.security.zap.api.authentication.AuthenticationInfoValidatorTest@97e1986]" name="clearAppender" is-config="true" duration-ms="0" started-at="2018-01-25T08:05:05Z" finished-at="2018-01-25T08:05:05Z">
          <reporter-output>
          </reporter-output>
        </test-method> <!-- clearAppender -->
        <test-method status="PASS" signature="usernameMustNotBeNull()[pri:0, instance:br.com.softplan.security.zap.api.authentication.AuthenticationInfoValidatorTest@97e1986]" name="usernameMustNotBeNull" duration-ms="0" started-at="2018-01-25T08:05:05Z" finished-at="2018-01-25T08:05:05Z">
          <exception class="br.com.softplan.security.zap.api.exception.AuthenticationInfoValidationException">
            <message>
              <![CDATA[The parameter 'username' is required when working with authentication.]]>
            </message>
            <full-stacktrace>
              <![CDATA[br.com.softplan.security.zap.api.exception.AuthenticationInfoValidationException: The parameter 'username' is required when working with authentication.
	at br.com.softplan.security.zap.api.authentication.AuthenticationInfoValidator.checkRequiredParameter(AuthenticationInfoValidator.java:67)
	at br.com.softplan.security.zap.api.authentication.AuthenticationInfoValidator.validate(AuthenticationInfoValidator.java:32)
	at br.com.softplan.security.zap.api.model.AuthenticationInfo$Builder.build(AuthenticationInfo.java:475)
	at br.com.softplan.security.zap.api.authentication.AuthenticationInfoValidatorTest.usernameMustNotBeNull(AuthenticationInfoValidatorTest.java:49)
	at sun.reflect.NativeMethodAccessorImpl.invoke0(Native Method)
	at sun.reflect.NativeMethodAccessorImpl.invoke(NativeMethodAccessorImpl.java:62)
	at sun.reflect.DelegatingMethodAccessorImpl.invoke(DelegatingMethodAccessorImpl.java:43)
	at java.lang.reflect.Method.invoke(Method.java:498)
	at org.testng.internal.MethodInvocationHelper.invokeMethod(MethodInvocationHelper.java:86)
	at org.testng.internal.Invoker.invokeMethod(Invoker.java:643)
	at org.testng.internal.Invoker.invokeTestMethod(Invoker.java:820)
	at org.testng.internal.Invoker.invokeTestMethods(Invoker.java:1128)
	at org.testng.internal.TestMethodWorker.invokeTestMethods(TestMethodWorker.java:129)
	at org.testng.internal.TestMethodWorker.run(TestMethodWorker.java:112)
	at org.testng.TestRunner.privateRun(TestRunner.java:782)
	at org.testng.TestRunner.run(TestRunner.java:632)
	at org.testng.SuiteRunner.runTest(SuiteRunner.java:366)
	at org.testng.SuiteRunner.runSequentially(SuiteRunner.java:361)
	at org.testng.SuiteRunner.privateRun(SuiteRunner.java:319)
	at org.testng.SuiteRunner.run(SuiteRunner.java:268)
	at org.testng.SuiteRunnerWorker.runSuite(SuiteRunnerWorker.java:52)
	at org.testng.SuiteRunnerWorker.run(SuiteRunnerWorker.java:86)
	at org.testng.TestNG.runSuitesSequentially(TestNG.java:1244)
	at org.testng.TestNG.runSuitesLocally(TestNG.java:1169)
	at org.testng.TestNG.run(TestNG.java:1064)
	at org.apache.maven.surefire.testng.TestNGExecutor.run(TestNGExecutor.java:77)
	at org.apache.maven.surefire.testng.TestNGDirectoryTestSuite.executeMulti(TestNGDirectoryTestSuite.java:159)
	at org.apache.maven.surefire.testng.TestNGDirectoryTestSuite.execute(TestNGDirectoryTestSuite.java:99)
	at org.apache.maven.surefire.testng.TestNGProvider.invoke(TestNGProvider.java:106)
	at sun.reflect.NativeMethodAccessorImpl.invoke0(Native Method)
	at sun.reflect.NativeMethodAccessorImpl.invoke(NativeMethodAccessorImpl.java:62)
	at sun.reflect.DelegatingMethodAccessorImpl.invoke(DelegatingMethodAccessorImpl.java:43)
	at java.lang.reflect.Method.invoke(Method.java:498)
	at org.apache.maven.surefire.util.ReflectionUtils.invokeMethodWithArray(ReflectionUtils.java:189)
	at org.apache.maven.surefire.booter.ProviderFactory$ProviderProxy.invoke(ProviderFactory.java:165)
	at org.apache.maven.surefire.booter.ProviderFactory.invokeProvider(ProviderFactory.java:85)
	at org.apache.maven.surefire.booter.ForkedBooter.runSuitesInProcess(ForkedBooter.java:115)
	at org.apache.maven.surefire.booter.ForkedBooter.main(ForkedBooter.java:75)
]]>
            </full-stacktrace>
          </exception> <!-- br.com.softplan.security.zap.api.exception.AuthenticationInfoValidationException -->
          <reporter-output>
          </reporter-output>
        </test-method> <!-- usernameMustNotBeNull -->
        <test-method status="PASS" signature="setUp()[pri:0, instance:br.com.softplan.security.zap.api.authentication.AuthenticationInfoValidatorTest@97e1986]" name="setUp" is-config="true" duration-ms="0" started-at="2018-01-25T08:05:05Z" finished-at="2018-01-25T08:05:05Z">
          <reporter-output>
          </reporter-output>
        </test-method> <!-- setUp -->
        <test-method status="PASS" signature="warningShouldBeGeneratedIfNoReauthenticationIsPossibleInCasAuthentication()[pri:0, instance:br.com.softplan.security.zap.api.authentication.AuthenticationInfoValidatorTest@97e1986]" name="warningShouldBeGeneratedIfNoReauthenticationIsPossibleInCasAuthentication" duration-ms="1" started-at="2018-01-25T08:05:05Z" finished-at="2018-01-25T08:05:05Z">
          <reporter-output>
          </reporter-output>
        </test-method> <!-- warningShouldBeGeneratedIfNoReauthenticationIsPossibleInCasAuthentication -->
        <test-method status="PASS" signature="clearAppender()[pri:0, instance:br.com.softplan.security.zap.api.authentication.AuthenticationInfoValidatorTest@97e1986]" name="clearAppender" is-config="true" duration-ms="0" started-at="2018-01-25T08:05:05Z" finished-at="2018-01-25T08:05:05Z">
          <reporter-output>
          </reporter-output>
        </test-method> <!-- clearAppender -->
        <test-method status="PASS" signature="setUp()[pri:0, instance:br.com.softplan.security.zap.api.authentication.AuthenticationInfoValidatorTest@97e1986]" name="setUp" is-config="true" duration-ms="0" started-at="2018-01-25T08:05:05Z" finished-at="2018-01-25T08:05:05Z">
          <reporter-output>
          </reporter-output>
        </test-method> <!-- setUp -->
        <test-method status="PASS" signature="clearAppender()[pri:0, instance:br.com.softplan.security.zap.api.authentication.AuthenticationInfoValidatorTest@97e1986]" name="clearAppender" is-config="true" duration-ms="0" started-at="2018-01-25T08:05:05Z" finished-at="2018-01-25T08:05:05Z">
          <reporter-output>
          </reporter-output>
        </test-method> <!-- clearAppender -->
        <test-method status="PASS" signature="warningShouldBeGeneratedIfNoReauthenticationIsPossibleInFormAuthentication()[pri:0, instance:br.com.softplan.security.zap.api.authentication.AuthenticationInfoValidatorTest@97e1986]" name="warningShouldBeGeneratedIfNoReauthenticationIsPossibleInFormAuthentication" duration-ms="2" started-at="2018-01-25T08:05:05Z" finished-at="2018-01-25T08:05:05Z">
          <reporter-output>
          </reporter-output>
        </test-method> <!-- warningShouldBeGeneratedIfNoReauthenticationIsPossibleInFormAuthentication -->
        <test-method status="PASS" signature="setUp()[pri:0, instance:br.com.softplan.security.zap.api.authentication.AuthenticationInfoValidatorTest@97e1986]" name="setUp" is-config="true" duration-ms="0" started-at="2018-01-25T08:05:05Z" finished-at="2018-01-25T08:05:05Z">
          <reporter-output>
          </reporter-output>
        </test-method> <!-- setUp -->
        <test-method status="PASS" signature="clearAppender()[pri:0, instance:br.com.softplan.security.zap.api.authentication.AuthenticationInfoValidatorTest@97e1986]" name="clearAppender" is-config="true" duration-ms="0" started-at="2018-01-25T08:05:05Z" finished-at="2018-01-25T08:05:05Z">
          <reporter-output>
          </reporter-output>
        </test-method> <!-- clearAppender -->
        <test-method status="PASS" signature="warningShouldBeGeneratedIfProtectedPageIsNotNullInFormAuthentication()[pri:0, instance:br.com.softplan.security.zap.api.authentication.AuthenticationInfoValidatorTest@97e1986]" name="warningShouldBeGeneratedIfProtectedPageIsNotNullInFormAuthentication" duration-ms="2" started-at="2018-01-25T08:05:05Z" finished-at="2018-01-25T08:05:05Z">
          <reporter-output>
          </reporter-output>
        </test-method> <!-- warningShouldBeGeneratedIfProtectedPageIsNotNullInFormAuthentication -->
        <test-method status="PASS" signature="removeTestAppenderFromLogger()[pri:0, instance:br.com.softplan.security.zap.api.authentication.AuthenticationInfoValidatorTest@97e1986]" name="removeTestAppenderFromLogger" is-config="true" duration-ms="0" started-at="2018-01-25T08:05:05Z" finished-at="2018-01-25T08:05:05Z">
          <reporter-output>
          </reporter-output>
        </test-method> <!-- removeTestAppenderFromLogger -->
        <test-method status="PASS" signature="clearAppender()[pri:0, instance:br.com.softplan.security.zap.api.authentication.AuthenticationInfoValidatorTest@97e1986]" name="clearAppender" is-config="true" duration-ms="0" started-at="2018-01-25T08:05:05Z" finished-at="2018-01-25T08:05:05Z">
          <reporter-output>
          </reporter-output>
        </test-method> <!-- clearAppender -->
      </class> <!-- br.com.softplan.security.zap.api.authentication.AuthenticationInfoValidatorTest -->
      <class name="br.com.softplan.security.zap.api.authentication.AuthenticationHandlerFactoryTest">
        <test-method status="PASS" signature="testCasHandlerCreation()[pri:0, instance:br.com.softplan.security.zap.api.authentication.AuthenticationHandlerFactoryTest@26f67b76]" name="testCasHandlerCreation" duration-ms="212" started-at="2018-01-25T08:05:05Z" finished-at="2018-01-25T08:05:05Z">
          <reporter-output>
          </reporter-output>
        </test-method> <!-- testCasHandlerCreation -->
        <test-method status="PASS" signature="testFormHandlerCreation()[pri:0, instance:br.com.softplan.security.zap.api.authentication.AuthenticationHandlerFactoryTest@26f67b76]" name="testFormHandlerCreation" duration-ms="2" started-at="2018-01-25T08:05:05Z" finished-at="2018-01-25T08:05:05Z">
          <reporter-output>
          </reporter-output>
        </test-method> <!-- testFormHandlerCreation -->
      </class> <!-- br.com.softplan.security.zap.api.authentication.AuthenticationHandlerFactoryTest -->
    </test> <!-- Command line test -->
  </suite> <!-- Command line suite -->
</testng-results>
